[INFO  - 2018-04-13T11:00:35.048Z] GhostDriver - Main - running on port 30603
[INFO  - 2018-04-13T11:00:35.378Z] Session [e4628ec0-3f09-11e8-9b03-2317f9beb7bb] - page.settings - {"XSSAuditingEnabled":false,"javascriptCanCloseWindows":true,"javascriptCanOpenWindows":true,"javascriptEnabled":true,"loadImages":true,"localToRemoteUrlAccessEnabled":false,"userAgent":"Mozilla/5.0 (Windows NT 6.1; WOW64) AppleWebKit/538.1 (KHTML, like Gecko) PhantomJS/2.1.1 Safari/538.1","webSecurityEnabled":true}
[INFO  - 2018-04-13T11:00:35.378Z] Session [e4628ec0-3f09-11e8-9b03-2317f9beb7bb] - page.customHeaders:  - {}
[INFO  - 2018-04-13T11:00:35.379Z] Session [e4628ec0-3f09-11e8-9b03-2317f9beb7bb] - Session.negotiatedCapabilities - {"browserName":"phantomjs","version":"2.1.1","driverName":"ghostdriver","driverVersion":"1.2.0","platform":"windows-7-32bit","javascriptEnabled":true,"takesScreenshot":false,"handlesAlerts":false,"databaseEnabled":false,"locationContextEnabled":false,"applicationCacheEnabled":false,"browserConnectionEnabled":false,"cssSelectorsEnabled":true,"webStorageEnabled":false,"rotatable":false,"acceptSslCerts":false,"nativeEvents":true,"proxy":{"proxyType":"direct"}}
[INFO  - 2018-04-13T11:00:35.379Z] SessionManagerReqHand - _postNewSessionCommand - New Session Created: e4628ec0-3f09-11e8-9b03-2317f9beb7bb
[ERROR - 2018-04-13T11:01:38.168Z] WebElementLocator - _handleLocateCommand - Element(s) NOT Found: GAVE UP. Search Stop Time: 1523617298104
[INFO  - 2018-04-13T11:05:35.009Z] SessionManagerReqHand - _cleanupWindowlessSessions - Asynchronous Sessions clean-up phase starting NOW
[INFO  - 2018-04-13T11:10:35.022Z] SessionManagerReqHand - _cleanupWindowlessSessions - Asynchronous Sessions clean-up phase starting NOW
[INFO  - 2018-04-13T11:15:35.054Z] SessionManagerReqHand - _cleanupWindowlessSessions - Asynchronous Sessions clean-up phase starting NOW
[INFO  - 2018-04-13T11:20:35.090Z] SessionManagerReqHand - _cleanupWindowlessSessions - Asynchronous Sessions clean-up phase starting NOW
[INFO  - 2018-04-13T11:25:35.092Z] SessionManagerReqHand - _cleanupWindowlessSessions - Asynchronous Sessions clean-up phase starting NOW
38.1 (KHTML, like Gecko) PhantomJS/2.1.1 Safari/538.1","webSecurityEnabled":true}
[INFO  - 2018-04-13T11:11:46.072Z] Session [74265720-3f0b-11e8-88ac-937cee1cd4b0] - page.customHeaders:  - {}
[INFO  - 2018-04-13T11:11:46.073Z] Session [74265720-3f0b-11e8-88ac-937cee1cd4b0] - Session.negotiatedCapabilities - {"browserName":"phantomjs","version":"2.1.1","driverName":"ghostdriver","driverVersion":"1.2.0","platform":"windows-7-32bit","javascriptEnabled":true,"takesScreenshot":false,"handlesAlerts":false,"databaseEnabled":false,"locationContextEnabled":false,"applicationCacheEnabled":false,"browserConnectionEnabled":false,"cssSelectorsEnabled":true,"webStorageEnabled":false,"rotatable":false,"acceptSslCerts":false,"nativeEvents":true,"proxy":{"proxyType":"direct"}}
[INFO  - 2018-04-13T11:11:46.073Z] SessionManagerReqHand - _postNewSessionCommand - New Session Created: 74265720-3f0b-11e8-88ac-937cee1cd4b0
[INFO  - 2018-04-13T11:13:26.021Z] ShutdownReqHand - _handle - About to shutdown
[INFO  - 2018-04-13T11:24:08.269Z] GhostDriver - Main - running on port 25296
[INFO  - 2018-04-13T11:24:09.092Z] Session [2f060ad0-3f0d-11e8-b9de-990bbd025203] - page.settings - {"XSSAuditingEnabled":false,"javascriptCanCloseWindows":true,"javascriptCanOpenWindows":true,"javascriptEnabled":true,"loadImages":true,"localToRemoteUrlAccessEnabled":false,"userAgent":"Mozilla/5.0 (Windows NT 6.1; WOW64) AppleWebKit/538.1 (KHTML, like Gecko) PhantomJS/2.1.1 Safari/538.1","webSecurityEnabled":true}
[INFO  - 2018-04-13T11:24:09.093Z] Session [2f060ad0-3f0d-11e8-b9de-990bbd025203] - page.customHeaders:  - {}
[INFO  - 2018-04-13T11:24:09.093Z] Session [2f060ad0-3f0d-11e8-b9de-990bbd025203] - Session.negotiatedCapabilities - {"browserName":"phantomjs","version":"2.1.1","driverName":"ghostdriver","driverVersion":"1.2.0","platform":"windows-7-32bit","javascriptEnabled":true,"takesScreenshot":false,"handlesAlerts":false,"databaseEnabled":false,"locationContextEnabled":false,"applicationCacheEnabled":false,"browserConnectionEnabled":false,"cssSelectorsEnabled":true,"webStorageEnabled":false,"rotatable":false,"acceptSslCerts":false,"nativeEvents":true,"proxy":{"proxyType":"direct"}}
[INFO  - 2018-04-13T11:24:09.093Z] SessionManagerReqHand - _postNewSessionCommand - New Session Created: 2f060ad0-3f0d-11e8-b9de-990bbd025203
[INFO  - 2018-04-13T11:25:25.169Z] GhostDriver - Main - running on port 16681
[INFO  - 2018-04-13T11:25:25.653Z] Session [5ca852e0-3f0d-11e8-b9bd-998ab65b1689] - page.settings - {"XSSAuditingEnabled":false,"javascriptCanCloseWindows":true,"javascriptCanOpenWindows":true,"javascriptEnabled":true,"loadImages":true,"localToRemoteUrlAccessEnabled":false,"userAgent":"Mozilla/5.0 (Windows NT 6.1; WOW64) AppleWebKit/538.1 (KHTML, like Gecko) PhantomJS/2.1.1 Safari/538.1","webSecurityEnabled":true}
[INFO  - 2018-04-13T11:25:25.653Z] Session [5ca852e0-3f0d-11e8-b9bd-998ab65b1689] - page.customHeaders:  - {}
[INFO  - 2018-04-13T11:25:25.654Z] Session [5ca852e0-3f0d-11e8-b9bd-998ab65b1689] - Session.negotiatedCapabilities - {"browserName":"phantomjs","version":"2.1.1","driverName":"ghostdriver","driverVersion":"1.2.0","platform":"windows-7-32bit","javascriptEnabled":true,"takesScreenshot":false,"handlesAlerts":false,"databaseEnabled":false,"locationContextEnabled":false,"applicationCacheEnabled":false,"browserConnectionEnabled":false,"cssSelectorsEnabled":true,"webStorageEnabled":false,"rotatable":false,"acceptSslCerts":false,"nativeEvents":true,"proxy":{"proxyType":"direct"}}
[INFO  - 2018-04-13T11:25:25.654Z] SessionManagerReqHand - _postNewSessionCommand - New Session Created: 5ca852e0-3f0d-11e8-b9bd-998ab65b1689
[INFO  - 2018-04-13T11:25:55.776Z] ShutdownReqHand - _handle - About to shutdown
[INFO  - 2018-04-13T11:27:19.118Z] GhostDriver - Main - running on port 36180
[INFO  - 2018-04-13T11:27:19.934Z] Session [a0c59c30-3f0d-11e8-bcd0-f3050ee64f8a] - page.settings - {"XSSAuditingEnabled":false,"javascriptCanCloseWindows":true,"javascriptCanOpenWindows":true,"javascriptEnabled":true,"loadImages":true,"localToRemoteUrlAccessEnabled":false,"userAgent":"Mozilla/5.0 (Windows NT 6.1; WOW64) AppleWebKit/538.1 (KHTML, like Gecko) PhantomJS/2.1.1 Safari/538.1","webSecurityEnabled":true}
[INFO  - 2018-04-13T11:27:19.934Z] Session [a0c59c30-3f0d-11e8-bcd0-f3050ee64f8a] - page.customHeaders:  - {}
[INFO  - 2018-04-13T11:27:19.934Z] Session [a0c59c30-3f0d-11e8-bcd0-f3050ee64f8a] - Session.negotiatedCapabilities - {"browserName":"phantomjs","version":"2.1.1","driverName":"ghostdriver","driverVersion":"1.2.0","platform":"windows-7-32bit","javascriptEnabled":true,"takesScreenshot":false,"handlesAlerts":false,"databaseEnabled":false,"locationContextEnabled":false,"applicationCacheEnabled":false,"browserConnectionEnabled":false,"cssSelectorsEnabled":true,"webStorageEnabled":false,"rotatable":false,"acceptSslCerts":false,"nativeEvents":true,"proxy":{"proxyType":"direct"}}
[INFO  - 2018-04-13T11:27:19.934Z] SessionManagerReqHand - _postNewSessionCommand - New Session Created: a0c59c30-3f0d-11e8-bcd0-f3050ee64f8a
[INFO  - 2018-04-13T11:32:19.236Z] SessionManagerReqHand - _cleanupWindowlessSessions - Asynchronous Sessions clean-up phase starting NOW
[INFO  - 2018-04-13T11:32:19.238Z] SessionManagerReqHand - _cleanupWindowlessSessions - Deleted Session 'a0c59c30-3f0d-11e8-bcd0-f3050ee64f8a', because windowless
mages":true,"localToRemoteUrlAccessEnabled":false,"userAgent":"Mozilla/5.0 (Windows NT 6.1; WOW64) AppleWebKit/538.1 (KHTML, like Gecko) PhantomJS/2.1.1 Safari/538.1","webSecurityEnabled":true}
[INFO  - 2018-04-13T11:28:37.149Z] Session [cecaebd0-3f0d-11e8-9654-518f8f7db9b4] - page.customHeaders:  - {}
[INFO  - 2018-04-13T11:28:37.150Z] Session [cecaebd0-3f0d-11e8-9654-518f8f7db9b4] - Session.negotiatedCapabilities - {"browserName":"phantomjs","version":"2.1.1","driverName":"ghostdriver","driverVersion":"1.2.0","platform":"windows-7-32bit","javascriptEnabled":true,"takesScreenshot":false,"handlesAlerts":false,"databaseEnabled":false,"locationContextEnabled":false,"applicationCacheEnabled":false,"browserConnectionEnabled":false,"cssSelectorsEnabled":true,"webStorageEnabled":false,"rotatable":false,"acceptSslCerts":false,"nativeEvents":true,"proxy":{"proxyType":"direct"}}
[INFO  - 2018-04-13T11:28:37.150Z] SessionManagerReqHand - _postNewSessionCommand - New Session Created: cecaebd0-3f0d-11e8-9654-518f8f7db9b4
[INFO  - 2018-04-13T11:29:06.462Z] ShutdownReqHand - _handle - About to shutdown
[INFO  - 2018-04-13T11:33:46.321Z] GhostDriver - Main - running on port 31825
[INFO  - 2018-04-13T11:33:47.149Z] Session [87928a60-3f0e-11e8-bfe0-6db781d0d4d0] - page.settings - {"XSSAuditingEnabled":false,"javascriptCanCloseWindows":true,"javascriptCanOpenWindows":true,"javascriptEnabled":true,"loadImages":true,"localToRemoteUrlAccessEnabled":false,"userAgent":"Mozilla/5.0 (Windows NT 6.1; WOW64) AppleWebKit/538.1 (KHTML, like Gecko) PhantomJS/2.1.1 Safari/538.1","webSecurityEnabled":true}
[INFO  - 2018-04-13T11:33:47.149Z] Session [87928a60-3f0e-11e8-bfe0-6db781d0d4d0] - page.customHeaders:  - {}
[INFO  - 2018-04-13T11:33:47.149Z] Session [87928a60-3f0e-11e8-bfe0-6db781d0d4d0] - Session.negotiatedCapabilities - {"browserName":"phantomjs","version":"2.1.1","driverName":"ghostdriver","driverVersion":"1.2.0","platform":"windows-7-32bit","javascriptEnabled":true,"takesScreenshot":false,"handlesAlerts":false,"databaseEnabled":false,"locationContextEnabled":false,"applicationCacheEnabled":false,"browserConnectionEnabled":false,"cssSelectorsEnabled":true,"webStorageEnabled":false,"rotatable":false,"acceptSslCerts":false,"nativeEvents":true,"proxy":{"proxyType":"direct"}}
[INFO  - 2018-04-13T11:33:47.149Z] SessionManagerReqHand - _postNewSessionCommand - New Session Created: 87928a60-3f0e-11e8-bfe0-6db781d0d4d0
[INFO  - 2018-04-13T11:38:46.319Z] SessionManagerReqHand - _cleanupWindowlessSessions - Asynchronous Sessions clean-up phase starting NOW
[INFO  - 2018-04-13T11:38:46.320Z] SessionManagerReqHand - _cleanupWindowlessSessions - Deleted Session '87928a60-3f0e-11e8-bfe0-6db781d0d4d0', because windowless
Images":true,"localToRemoteUrlAccessEnabled":false,"userAgent":"Mozilla/5.0 (Windows NT 6.1; WOW64) AppleWebKit/538.1 (KHTML, like Gecko) PhantomJS/2.1.1 Safari/538.1","webSecurityEnabled":true}
[INFO  - 2018-04-13T11:35:02.630Z] Session [b49006f0-3f0e-11e8-8432-dd245c140548] - page.customHeaders:  - {}
[INFO  - 2018-04-13T11:35:02.630Z] Session [b49006f0-3f0e-11e8-8432-dd245c140548] - Session.negotiatedCapabilities - {"browserName":"phantomjs","version":"2.1.1","driverName":"ghostdriver","driverVersion":"1.2.0","platform":"windows-7-32bit","javascriptEnabled":true,"takesScreenshot":false,"handlesAlerts":false,"databaseEnabled":false,"locationContextEnabled":false,"applicationCacheEnabled":false,"browserConnectionEnabled":false,"cssSelectorsEnabled":true,"webStorageEnabled":false,"rotatable":false,"acceptSslCerts":false,"nativeEvents":true,"proxy":{"proxyType":"direct"}}
[INFO  - 2018-04-13T11:35:02.630Z] SessionManagerReqHand - _postNewSessionCommand - New Session Created: b49006f0-3f0e-11e8-8432-dd245c140548
[ERROR - 2018-04-13T11:35:54.534Z] WebElementLocator - _handleLocateCommand - Element(s) NOT Found: GAVE UP. Search Stop Time: 1523619354508
[INFO  - 2018-04-13T11:40:02.426Z] SessionManagerReqHand - _cleanupWindowlessSessions - Asynchronous Sessions clean-up phase starting NOW
[INFO  - 2018-04-13T11:40:02.427Z] SessionManagerReqHand - _cleanupWindowlessSessions - Deleted Session 'b49006f0-3f0e-11e8-8432-dd245c140548', because windowless
mages":true,"localToRemoteUrlAccessEnabled":false,"userAgent":"Mozilla/5.0 (Windows NT 6.1; WOW64) AppleWebKit/538.1 (KHTML, like Gecko) PhantomJS/2.1.1 Safari/538.1","webSecurityEnabled":true}
[INFO  - 2018-04-13T11:38:07.028Z] Session [22771910-3f0f-11e8-9376-ddd63bd2268f] - page.customHeaders:  - {}
[INFO  - 2018-04-13T11:38:07.029Z] Session [22771910-3f0f-11e8-9376-ddd63bd2268f] - Session.negotiatedCapabilities - {"browserName":"phantomjs","version":"2.1.1","driverName":"ghostdriver","driverVersion":"1.2.0","platform":"windows-7-32bit","javascriptEnabled":true,"takesScreenshot":false,"handlesAlerts":false,"databaseEnabled":false,"locationContextEnabled":false,"applicationCacheEnabled":false,"browserConnectionEnabled":false,"cssSelectorsEnabled":true,"webStorageEnabled":false,"rotatable":false,"acceptSslCerts":false,"nativeEvents":true,"proxy":{"proxyType":"direct"}}
[INFO  - 2018-04-13T11:38:07.029Z] SessionManagerReqHand - _postNewSessionCommand - New Session Created: 22771910-3f0f-11e8-9376-ddd63bd2268f
[INFO  - 2018-04-13T11:43:06.826Z] SessionManagerReqHand - _cleanupWindowlessSessions - Asynchronous Sessions clean-up phase starting NOW
